<?xml version="1.0" encoding="UTF-8"?>
<!-- Generated by org.testng.reporters.JUnitReportReporter -->
<testsuite hostname="SIB-LT108687" name="runner.TestRunner" tests="2" failures="0" timestamp="9 May 2019 04:50:07 GMT" time="0.858" errors="0">
  <testcase name="feature" time="0.049" classname="runner.TestRunner"/>
  <testcase name="feature" time="0.809" classname="runner.TestRunner"/>
</testsuite> <!-- runner.TestRunner -->
